2025-02-20 21:27:36,666 [Worker-1: Loading available Gradle versions] INFO  o.e.b.c.i.u.g.PublishedGradleVersions - Gradle version information cache is up-to-date. Trying to read.
2025-02-20 21:28:05,765 [Worker-11: ビルド] INFO  o.e.m.c.i.l.LifecycleMappingFactory - Using org.eclipse.m2e.jdt.JarLifecycleMapping lifecycle mapping for MavenProject: com.example:samuraitravel:0.0.1-SNAPSHOT @ C:\kadai_003\kadai_003\samuraitravel\pom.xml.
2025-02-20 21:28:07,974 [Worker-11: ビルド] INFO  o.a.m.s.f.DefaultMavenResourcesFiltering - Copying 2 resources from src\main\resources to target\classes
2025-02-20 21:28:08,234 [Worker-11: ビルド] INFO  o.a.m.s.f.DefaultMavenResourcesFiltering - Copying 40 resources from src\main\resources to target\classes
2025-02-20 21:28:09,714 [Worker-11: ビルド] INFO  o.a.m.s.f.DefaultMavenResourcesFiltering - skip non existing resourceDirectory C:\kadai_003\kadai_003\samuraitravel\src\test\resources
2025-02-20 21:32:05,246 [Worker-2: ビルド] INFO  o.a.m.s.f.DefaultMavenResourcesFiltering - Copying 2 resources from src\main\resources to target\classes
2025-02-20 21:32:05,252 [Worker-2: ビルド] INFO  o.a.m.s.f.DefaultMavenResourcesFiltering - Copying 40 resources from src\main\resources to target\classes
2025-02-20 21:32:05,325 [Worker-2: ビルド] INFO  o.a.m.s.f.DefaultMavenResourcesFiltering - skip non existing resourceDirectory C:\kadai_003\kadai_003\samuraitravel\src\test\resources
2025-02-20 21:33:16,528 [Worker-1: ビルド] INFO  o.a.m.s.f.DefaultMavenResourcesFiltering - Copying 2 resources from src\main\resources to target\classes
2025-02-20 21:33:16,536 [Worker-1: ビルド] INFO  o.a.m.s.f.DefaultMavenResourcesFiltering - Copying 40 resources from src\main\resources to target\classes
2025-02-20 21:33:16,547 [Worker-1: ビルド] INFO  o.a.m.s.f.DefaultMavenResourcesFiltering - skip non existing resourceDirectory C:\kadai_003\kadai_003\samuraitravel\src\test\resources
2025-02-20 21:33:34,182 [Worker-7: ビルド] INFO  o.a.m.s.f.DefaultMavenResourcesFiltering - Copying 2 resources from src\main\resources to target\classes
2025-02-20 21:33:34,189 [Worker-7: ビルド] INFO  o.a.m.s.f.DefaultMavenResourcesFiltering - Copying 40 resources from src\main\resources to target\classes
2025-02-20 21:33:34,199 [Worker-7: ビルド] INFO  o.a.m.s.f.DefaultMavenResourcesFiltering - skip non existing resourceDirectory C:\kadai_003\kadai_003\samuraitravel\src\test\resources
2025-02-20 21:36:42,957 [Worker-11: ビルド] INFO  o.a.m.s.f.DefaultMavenResourcesFiltering - Copying 0 resource from src\main\resources to target\classes
2025-02-20 21:36:42,964 [Worker-11: ビルド] INFO  o.a.m.s.f.DefaultMavenResourcesFiltering - Copying 1 resource from src\main\resources to target\classes
2025-02-20 21:36:42,968 [Worker-11: ビルド] INFO  o.a.m.s.f.DefaultMavenResourcesFiltering - skip non existing resourceDirectory C:\kadai_003\kadai_003\samuraitravel\src\test\resources
2025-02-20 21:40:37,370 [Worker-9: ビルド] INFO  o.a.m.s.f.DefaultMavenResourcesFiltering - Copying 0 resource from src\main\resources to target\classes
2025-02-20 21:40:37,375 [Worker-9: ビルド] INFO  o.a.m.s.f.DefaultMavenResourcesFiltering - Copying 1 resource from src\main\resources to target\classes
2025-02-20 21:40:37,378 [Worker-9: ビルド] INFO  o.a.m.s.f.DefaultMavenResourcesFiltering - skip non existing resourceDirectory C:\kadai_003\kadai_003\samuraitravel\src\test\resources
2025-02-20 22:03:16,048 [Worker-2: ビルド] INFO  o.a.m.s.f.DefaultMavenResourcesFiltering - Copying 2 resources from src\main\resources to target\classes
2025-02-20 22:03:16,058 [Worker-2: ビルド] INFO  o.a.m.s.f.DefaultMavenResourcesFiltering - Copying 40 resources from src\main\resources to target\classes
2025-02-20 22:03:16,069 [Worker-2: ビルド] INFO  o.a.m.s.f.DefaultMavenResourcesFiltering - skip non existing resourceDirectory C:\kadai_003\kadai_003\samuraitravel\src\test\resources
2025-02-20 22:05:55,263 [Worker-9: ビルド] INFO  o.a.m.s.f.DefaultMavenResourcesFiltering - Copying 2 resources from src\main\resources to target\classes
2025-02-20 22:05:55,273 [Worker-9: ビルド] INFO  o.a.m.s.f.DefaultMavenResourcesFiltering - Copying 40 resources from src\main\resources to target\classes
2025-02-20 22:05:55,288 [Worker-9: ビルド] INFO  o.a.m.s.f.DefaultMavenResourcesFiltering - skip non existing resourceDirectory C:\kadai_003\kadai_003\samuraitravel\src\test\resources
2025-02-20 22:06:36,221 [Worker-9: ビルド] INFO  o.a.m.s.f.DefaultMavenResourcesFiltering - Copying 2 resources from src\main\resources to target\classes
2025-02-20 22:06:36,228 [Worker-9: ビルド] INFO  o.a.m.s.f.DefaultMavenResourcesFiltering - Copying 40 resources from src\main\resources to target\classes
2025-02-20 22:06:36,238 [Worker-9: ビルド] INFO  o.a.m.s.f.DefaultMavenResourcesFiltering - skip non existing resourceDirectory C:\kadai_003\kadai_003\samuraitravel\src\test\resources
2025-02-20 22:11:07,242 [Worker-11: ビルド] INFO  o.a.m.s.f.DefaultMavenResourcesFiltering - Copying 0 resource from src\main\resources to target\classes
2025-02-20 22:11:07,249 [Worker-11: ビルド] INFO  o.a.m.s.f.DefaultMavenResourcesFiltering - Copying 1 resource from src\main\resources to target\classes
2025-02-20 22:11:07,253 [Worker-11: ビルド] INFO  o.a.m.s.f.DefaultMavenResourcesFiltering - skip non existing resourceDirectory C:\kadai_003\kadai_003\samuraitravel\src\test\resources
2025-02-20 22:11:23,487 [Worker-11: ビルド] INFO  o.a.m.s.f.DefaultMavenResourcesFiltering - Copying 2 resources from src\main\resources to target\classes
2025-02-20 22:11:23,494 [Worker-11: ビルド] INFO  o.a.m.s.f.DefaultMavenResourcesFiltering - Copying 41 resources from src\main\resources to target\classes
2025-02-20 22:11:23,505 [Worker-11: ビルド] INFO  o.a.m.s.f.DefaultMavenResourcesFiltering - skip non existing resourceDirectory C:\kadai_003\kadai_003\samuraitravel\src\test\resources
2025-02-20 22:13:33,920 [Worker-17: ビルド] INFO  o.a.m.s.f.DefaultMavenResourcesFiltering - Copying 2 resources from src\main\resources to target\classes
2025-02-20 22:13:33,928 [Worker-17: ビルド] INFO  o.a.m.s.f.DefaultMavenResourcesFiltering - Copying 41 resources from src\main\resources to target\classes
2025-02-20 22:13:33,938 [Worker-17: ビルド] INFO  o.a.m.s.f.DefaultMavenResourcesFiltering - skip non existing resourceDirectory C:\kadai_003\kadai_003\samuraitravel\src\test\resources
2025-02-20 22:16:38,864 [Worker-18: ビルド] INFO  o.a.m.s.f.DefaultMavenResourcesFiltering - Copying 0 resource from src\main\resources to target\classes
2025-02-20 22:16:38,870 [Worker-18: ビルド] INFO  o.a.m.s.f.DefaultMavenResourcesFiltering - Copying 0 resource from src\main\resources to target\classes
2025-02-20 22:16:38,873 [Worker-18: ビルド] INFO  o.a.m.s.f.DefaultMavenResourcesFiltering - skip non existing resourceDirectory C:\kadai_003\kadai_003\samuraitravel\src\test\resources
2025-02-20 22:16:52,220 [Worker-14: ビルド] INFO  o.a.m.s.f.DefaultMavenResourcesFiltering - Copying 0 resource from src\main\resources to target\classes
2025-02-20 22:16:52,226 [Worker-14: ビルド] INFO  o.a.m.s.f.DefaultMavenResourcesFiltering - Copying 0 resource from src\main\resources to target\classes
2025-02-20 22:16:52,228 [Worker-14: ビルド] INFO  o.a.m.s.f.DefaultMavenResourcesFiltering - skip non existing resourceDirectory C:\kadai_003\kadai_003\samuraitravel\src\test\resources
2025-02-20 22:17:40,713 [Worker-17: ビルド] INFO  o.a.m.s.f.DefaultMavenResourcesFiltering - Copying 2 resources from src\main\resources to target\classes
2025-02-20 22:17:40,721 [Worker-17: ビルド] INFO  o.a.m.s.f.DefaultMavenResourcesFiltering - Copying 41 resources from src\main\resources to target\classes
2025-02-20 22:17:40,732 [Worker-17: ビルド] INFO  o.a.m.s.f.DefaultMavenResourcesFiltering - skip non existing resourceDirectory C:\kadai_003\kadai_003\samuraitravel\src\test\resources
2025-02-20 22:31:22,008 [Worker-23: ビルド] INFO  o.a.m.s.f.DefaultMavenResourcesFiltering - Copying 2 resources from src\main\resources to target\classes
2025-02-20 22:31:22,018 [Worker-23: ビルド] INFO  o.a.m.s.f.DefaultMavenResourcesFiltering - Copying 41 resources from src\main\resources to target\classes
2025-02-20 22:31:22,030 [Worker-23: ビルド] INFO  o.a.m.s.f.DefaultMavenResourcesFiltering - skip non existing resourceDirectory C:\kadai_003\kadai_003\samuraitravel\src\test\resources
2025-02-20 22:32:12,544 [Worker-22: ビルド] INFO  o.a.m.s.f.DefaultMavenResourcesFiltering - Copying 2 resources from src\main\resources to target\classes
2025-02-20 22:32:12,551 [Worker-22: ビルド] INFO  o.a.m.s.f.DefaultMavenResourcesFiltering - Copying 41 resources from src\main\resources to target\classes
2025-02-20 22:32:12,562 [Worker-22: ビルド] INFO  o.a.m.s.f.DefaultMavenResourcesFiltering - skip non existing resourceDirectory C:\kadai_003\kadai_003\samuraitravel\src\test\resources
2025-02-20 22:35:09,537 [Worker-22: ビルド] INFO  o.a.m.s.f.DefaultMavenResourcesFiltering - Copying 2 resources from src\main\resources to target\classes
2025-02-20 22:35:09,545 [Worker-22: ビルド] INFO  o.a.m.s.f.DefaultMavenResourcesFiltering - Copying 41 resources from src\main\resources to target\classes
2025-02-20 22:35:09,557 [Worker-22: ビルド] INFO  o.a.m.s.f.DefaultMavenResourcesFiltering - skip non existing resourceDirectory C:\kadai_003\kadai_003\samuraitravel\src\test\resources
2025-02-20 22:36:55,539 [Worker-14: ビルド] INFO  o.a.m.s.f.DefaultMavenResourcesFiltering - Copying 2 resources from src\main\resources to target\classes
2025-02-20 22:36:55,546 [Worker-14: ビルド] INFO  o.a.m.s.f.DefaultMavenResourcesFiltering - Copying 41 resources from src\main\resources to target\classes
2025-02-20 22:36:55,556 [Worker-14: ビルド] INFO  o.a.m.s.f.DefaultMavenResourcesFiltering - skip non existing resourceDirectory C:\kadai_003\kadai_003\samuraitravel\src\test\resources
2025-02-20 22:38:09,167 [Worker-23: ビルド] INFO  o.a.m.s.f.DefaultMavenResourcesFiltering - Copying 2 resources from src\main\resources to target\classes
2025-02-20 22:38:09,174 [Worker-23: ビルド] INFO  o.a.m.s.f.DefaultMavenResourcesFiltering - Copying 41 resources from src\main\resources to target\classes
2025-02-20 22:38:09,184 [Worker-23: ビルド] INFO  o.a.m.s.f.DefaultMavenResourcesFiltering - skip non existing resourceDirectory C:\kadai_003\kadai_003\samuraitravel\src\test\resources
2025-02-20 22:40:13,036 [Worker-14: ビルド] INFO  o.a.m.s.f.DefaultMavenResourcesFiltering - Copying 2 resources from src\main\resources to target\classes
2025-02-20 22:40:13,045 [Worker-14: ビルド] INFO  o.a.m.s.f.DefaultMavenResourcesFiltering - Copying 41 resources from src\main\resources to target\classes
2025-02-20 22:40:13,056 [Worker-14: ビルド] INFO  o.a.m.s.f.DefaultMavenResourcesFiltering - skip non existing resourceDirectory C:\kadai_003\kadai_003\samuraitravel\src\test\resources
2025-02-20 22:41:34,135 [Worker-25: ビルド] INFO  o.a.m.s.f.DefaultMavenResourcesFiltering - Copying 2 resources from src\main\resources to target\classes
2025-02-20 22:41:34,142 [Worker-25: ビルド] INFO  o.a.m.s.f.DefaultMavenResourcesFiltering - Copying 41 resources from src\main\resources to target\classes
2025-02-20 22:41:34,152 [Worker-25: ビルド] INFO  o.a.m.s.f.DefaultMavenResourcesFiltering - skip non existing resourceDirectory C:\kadai_003\kadai_003\samuraitravel\src\test\resources
2025-02-20 22:43:37,706 [Worker-24: ビルド] INFO  o.a.m.s.f.DefaultMavenResourcesFiltering - Copying 2 resources from src\main\resources to target\classes
2025-02-20 22:43:37,714 [Worker-24: ビルド] INFO  o.a.m.s.f.DefaultMavenResourcesFiltering - Copying 41 resources from src\main\resources to target\classes
2025-02-20 22:43:37,725 [Worker-24: ビルド] INFO  o.a.m.s.f.DefaultMavenResourcesFiltering - skip non existing resourceDirectory C:\kadai_003\kadai_003\samuraitravel\src\test\resources
2025-02-20 22:46:18,554 [Worker-14: ビルド] INFO  o.a.m.s.f.DefaultMavenResourcesFiltering - Copying 2 resources from src\main\resources to target\classes
2025-02-20 22:46:18,560 [Worker-14: ビルド] INFO  o.a.m.s.f.DefaultMavenResourcesFiltering - Copying 41 resources from src\main\resources to target\classes
2025-02-20 22:46:18,570 [Worker-14: ビルド] INFO  o.a.m.s.f.DefaultMavenResourcesFiltering - skip non existing resourceDirectory C:\kadai_003\kadai_003\samuraitravel\src\test\resources
2025-02-20 22:47:26,086 [Worker-22: ビルド] INFO  o.a.m.s.f.DefaultMavenResourcesFiltering - Copying 2 resources from src\main\resources to target\classes
2025-02-20 22:47:26,097 [Worker-22: ビルド] INFO  o.a.m.s.f.DefaultMavenResourcesFiltering - Copying 41 resources from src\main\resources to target\classes
2025-02-20 22:47:26,108 [Worker-22: ビルド] INFO  o.a.m.s.f.DefaultMavenResourcesFiltering - skip non existing resourceDirectory C:\kadai_003\kadai_003\samuraitravel\src\test\resources
2025-02-20 22:49:02,139 [Worker-14: ビルド] INFO  o.a.m.s.f.DefaultMavenResourcesFiltering - Copying 2 resources from src\main\resources to target\classes
2025-02-20 22:49:02,146 [Worker-14: ビルド] INFO  o.a.m.s.f.DefaultMavenResourcesFiltering - Copying 41 resources from src\main\resources to target\classes
2025-02-20 22:49:02,156 [Worker-14: ビルド] INFO  o.a.m.s.f.DefaultMavenResourcesFiltering - skip non existing resourceDirectory C:\kadai_003\kadai_003\samuraitravel\src\test\resources
2025-02-20 22:51:44,798 [Worker-14: ビルド] INFO  o.a.m.s.f.DefaultMavenResourcesFiltering - Copying 2 resources from src\main\resources to target\classes
2025-02-20 22:51:44,807 [Worker-14: ビルド] INFO  o.a.m.s.f.DefaultMavenResourcesFiltering - Copying 41 resources from src\main\resources to target\classes
2025-02-20 22:51:44,817 [Worker-14: ビルド] INFO  o.a.m.s.f.DefaultMavenResourcesFiltering - skip non existing resourceDirectory C:\kadai_003\kadai_003\samuraitravel\src\test\resources
2025-02-20 22:51:57,426 [Worker-26: ビルド] INFO  o.a.m.s.f.DefaultMavenResourcesFiltering - Copying 2 resources from src\main\resources to target\classes
2025-02-20 22:51:57,433 [Worker-26: ビルド] INFO  o.a.m.s.f.DefaultMavenResourcesFiltering - Copying 41 resources from src\main\resources to target\classes
2025-02-20 22:51:57,443 [Worker-26: ビルド] INFO  o.a.m.s.f.DefaultMavenResourcesFiltering - skip non existing resourceDirectory C:\kadai_003\kadai_003\samuraitravel\src\test\resources
2025-02-20 22:53:12,386 [Worker-24: ビルド] INFO  o.a.m.s.f.DefaultMavenResourcesFiltering - Copying 2 resources from src\main\resources to target\classes
2025-02-20 22:53:12,392 [Worker-24: ビルド] INFO  o.a.m.s.f.DefaultMavenResourcesFiltering - Copying 41 resources from src\main\resources to target\classes
2025-02-20 22:53:12,402 [Worker-24: ビルド] INFO  o.a.m.s.f.DefaultMavenResourcesFiltering - skip non existing resourceDirectory C:\kadai_003\kadai_003\samuraitravel\src\test\resources
2025-02-20 22:54:49,935 [Worker-14: ビルド] INFO  o.a.m.s.f.DefaultMavenResourcesFiltering - Copying 2 resources from src\main\resources to target\classes
2025-02-20 22:54:49,942 [Worker-14: ビルド] INFO  o.a.m.s.f.DefaultMavenResourcesFiltering - Copying 41 resources from src\main\resources to target\classes
2025-02-20 22:54:49,952 [Worker-14: ビルド] INFO  o.a.m.s.f.DefaultMavenResourcesFiltering - skip non existing resourceDirectory C:\kadai_003\kadai_003\samuraitravel\src\test\resources
2025-02-20 22:55:54,217 [Worker-26: ビルド] INFO  o.a.m.s.f.DefaultMavenResourcesFiltering - Copying 2 resources from src\main\resources to target\classes
2025-02-20 22:55:54,224 [Worker-26: ビルド] INFO  o.a.m.s.f.DefaultMavenResourcesFiltering - Copying 41 resources from src\main\resources to target\classes
2025-02-20 22:55:54,233 [Worker-26: ビルド] INFO  o.a.m.s.f.DefaultMavenResourcesFiltering - skip non existing resourceDirectory C:\kadai_003\kadai_003\samuraitravel\src\test\resources
2025-02-20 23:08:12,209 [Worker-14: ビルド] INFO  o.a.m.s.f.DefaultMavenResourcesFiltering - Copying 0 resource from src\main\resources to target\classes
2025-02-20 23:08:12,214 [Worker-14: ビルド] INFO  o.a.m.s.f.DefaultMavenResourcesFiltering - Copying 1 resource from src\main\resources to target\classes
2025-02-20 23:08:12,218 [Worker-14: ビルド] INFO  o.a.m.s.f.DefaultMavenResourcesFiltering - skip non existing resourceDirectory C:\kadai_003\kadai_003\samuraitravel\src\test\resources
2025-02-20 23:14:35,545 [Worker-28: ビルド] INFO  o.a.m.s.f.DefaultMavenResourcesFiltering - Copying 0 resource from src\main\resources to target\classes
2025-02-20 23:14:35,551 [Worker-28: ビルド] INFO  o.a.m.s.f.DefaultMavenResourcesFiltering - Copying 1 resource from src\main\resources to target\classes
2025-02-20 23:14:35,554 [Worker-28: ビルド] INFO  o.a.m.s.f.DefaultMavenResourcesFiltering - skip non existing resourceDirectory C:\kadai_003\kadai_003\samuraitravel\src\test\resources
2025-02-20 23:16:56,669 [Worker-26: ビルド] INFO  o.a.m.s.f.DefaultMavenResourcesFiltering - Copying 0 resource from src\main\resources to target\classes
2025-02-20 23:16:56,675 [Worker-26: ビルド] INFO  o.a.m.s.f.DefaultMavenResourcesFiltering - Copying 1 resource from src\main\resources to target\classes
2025-02-20 23:16:56,678 [Worker-26: ビルド] INFO  o.a.m.s.f.DefaultMavenResourcesFiltering - skip non existing resourceDirectory C:\kadai_003\kadai_003\samuraitravel\src\test\resources
2025-02-20 23:18:39,636 [Worker-25: ビルド] INFO  o.a.m.s.f.DefaultMavenResourcesFiltering - Copying 0 resource from src\main\resources to target\classes
2025-02-20 23:18:39,642 [Worker-25: ビルド] INFO  o.a.m.s.f.DefaultMavenResourcesFiltering - Copying 1 resource from src\main\resources to target\classes
2025-02-20 23:18:39,644 [Worker-25: ビルド] INFO  o.a.m.s.f.DefaultMavenResourcesFiltering - skip non existing resourceDirectory C:\kadai_003\kadai_003\samuraitravel\src\test\resources
2025-02-20 23:24:40,069 [Worker-27: ビルド] INFO  o.a.m.s.f.DefaultMavenResourcesFiltering - Copying 0 resource from src\main\resources to target\classes
2025-02-20 23:24:40,075 [Worker-27: ビルド] INFO  o.a.m.s.f.DefaultMavenResourcesFiltering - Copying 1 resource from src\main\resources to target\classes
2025-02-20 23:24:40,078 [Worker-27: ビルド] INFO  o.a.m.s.f.DefaultMavenResourcesFiltering - skip non existing resourceDirectory C:\kadai_003\kadai_003\samuraitravel\src\test\resources
2025-02-20 23:24:45,636 [Worker-28: ビルド] INFO  o.a.m.s.f.DefaultMavenResourcesFiltering - Copying 0 resource from src\main\resources to target\classes
2025-02-20 23:24:45,642 [Worker-28: ビルド] INFO  o.a.m.s.f.DefaultMavenResourcesFiltering - Copying 1 resource from src\main\resources to target\classes
2025-02-20 23:24:45,645 [Worker-28: ビルド] INFO  o.a.m.s.f.DefaultMavenResourcesFiltering - skip non existing resourceDirectory C:\kadai_003\kadai_003\samuraitravel\src\test\resources
2025-02-20 23:24:51,327 [Worker-29: ビルド] INFO  o.a.m.s.f.DefaultMavenResourcesFiltering - Copying 0 resource from src\main\resources to target\classes
2025-02-20 23:24:51,332 [Worker-29: ビルド] INFO  o.a.m.s.f.DefaultMavenResourcesFiltering - Copying 1 resource from src\main\resources to target\classes
2025-02-20 23:24:51,335 [Worker-29: ビルド] INFO  o.a.m.s.f.DefaultMavenResourcesFiltering - skip non existing resourceDirectory C:\kadai_003\kadai_003\samuraitravel\src\test\resources
2025-02-20 23:26:45,349 [Worker-27: ビルド] INFO  o.a.m.s.f.DefaultMavenResourcesFiltering - Copying 0 resource from src\main\resources to target\classes
2025-02-20 23:26:45,355 [Worker-27: ビルド] INFO  o.a.m.s.f.DefaultMavenResourcesFiltering - Copying 1 resource from src\main\resources to target\classes
2025-02-20 23:26:45,359 [Worker-27: ビルド] INFO  o.a.m.s.f.DefaultMavenResourcesFiltering - skip non existing resourceDirectory C:\kadai_003\kadai_003\samuraitravel\src\test\resources
2025-02-20 23:29:43,538 [Worker-32: ビルド] INFO  o.a.m.s.f.DefaultMavenResourcesFiltering - Copying 0 resource from src\main\resources to target\classes
2025-02-20 23:29:43,546 [Worker-32: ビルド] INFO  o.a.m.s.f.DefaultMavenResourcesFiltering - Copying 1 resource from src\main\resources to target\classes
2025-02-20 23:29:43,549 [Worker-32: ビルド] INFO  o.a.m.s.f.DefaultMavenResourcesFiltering - skip non existing resourceDirectory C:\kadai_003\kadai_003\samuraitravel\src\test\resources
2025-02-20 23:31:22,794 [Worker-31: ビルド] INFO  o.a.m.s.f.DefaultMavenResourcesFiltering - Copying 0 resource from src\main\resources to target\classes
2025-02-20 23:31:22,801 [Worker-31: ビルド] INFO  o.a.m.s.f.DefaultMavenResourcesFiltering - Copying 1 resource from src\main\resources to target\classes
2025-02-20 23:31:22,804 [Worker-31: ビルド] INFO  o.a.m.s.f.DefaultMavenResourcesFiltering - skip non existing resourceDirectory C:\kadai_003\kadai_003\samuraitravel\src\test\resources
2025-02-20 23:32:25,114 [Worker-25: ビルド] INFO  o.a.m.s.f.DefaultMavenResourcesFiltering - Copying 2 resources from src\main\resources to target\classes
2025-02-20 23:32:25,122 [Worker-25: ビルド] INFO  o.a.m.s.f.DefaultMavenResourcesFiltering - Copying 41 resources from src\main\resources to target\classes
2025-02-20 23:32:25,132 [Worker-25: ビルド] INFO  o.a.m.s.f.DefaultMavenResourcesFiltering - skip non existing resourceDirectory C:\kadai_003\kadai_003\samuraitravel\src\test\resources
2025-02-20 23:41:57,160 [Worker-30: ビルド] INFO  o.a.m.s.f.DefaultMavenResourcesFiltering - Copying 2 resources from src\main\resources to target\classes
2025-02-20 23:41:57,168 [Worker-30: ビルド] INFO  o.a.m.s.f.DefaultMavenResourcesFiltering - Copying 41 resources from src\main\resources to target\classes
2025-02-20 23:41:57,178 [Worker-30: ビルド] INFO  o.a.m.s.f.DefaultMavenResourcesFiltering - skip non existing resourceDirectory C:\kadai_003\kadai_003\samuraitravel\src\test\resources
2025-02-20 23:42:17,729 [Worker-34: ビルド] INFO  o.a.m.s.f.DefaultMavenResourcesFiltering - Copying 2 resources from src\main\resources to target\classes
2025-02-20 23:42:17,735 [Worker-34: ビルド] INFO  o.a.m.s.f.DefaultMavenResourcesFiltering - Copying 41 resources from src\main\resources to target\classes
2025-02-20 23:42:17,746 [Worker-34: ビルド] INFO  o.a.m.s.f.DefaultMavenResourcesFiltering - skip non existing resourceDirectory C:\kadai_003\kadai_003\samuraitravel\src\test\resources
2025-02-20 23:42:46,162 [Worker-36: ビルド] INFO  o.a.m.s.f.DefaultMavenResourcesFiltering - Copying 2 resources from src\main\resources to target\classes
2025-02-20 23:42:46,170 [Worker-36: ビルド] INFO  o.a.m.s.f.DefaultMavenResourcesFiltering - Copying 41 resources from src\main\resources to target\classes
2025-02-20 23:42:46,180 [Worker-36: ビルド] INFO  o.a.m.s.f.DefaultMavenResourcesFiltering - skip non existing resourceDirectory C:\kadai_003\kadai_003\samuraitravel\src\test\resources
2025-02-20 23:56:35,731 [Worker-31: ビルド] INFO  o.a.m.s.f.DefaultMavenResourcesFiltering - Copying 2 resources from src\main\resources to target\classes
2025-02-20 23:56:35,739 [Worker-31: ビルド] INFO  o.a.m.s.f.DefaultMavenResourcesFiltering - Copying 41 resources from src\main\resources to target\classes
2025-02-20 23:56:35,753 [Worker-31: ビルド] INFO  o.a.m.s.f.DefaultMavenResourcesFiltering - skip non existing resourceDirectory C:\kadai_003\kadai_003\samuraitravel\src\test\resources
2025-02-20 23:56:54,898 [Worker-30: ビルド] INFO  o.a.m.s.f.DefaultMavenResourcesFiltering - Copying 2 resources from src\main\resources to target\classes
2025-02-20 23:56:54,907 [Worker-30: ビルド] INFO  o.a.m.s.f.DefaultMavenResourcesFiltering - Copying 41 resources from src\main\resources to target\classes
2025-02-20 23:56:54,918 [Worker-30: ビルド] INFO  o.a.m.s.f.DefaultMavenResourcesFiltering - skip non existing resourceDirectory C:\kadai_003\kadai_003\samuraitravel\src\test\resources
2025-02-21 00:10:50,682 [Worker-31: ビルド] INFO  o.a.m.s.f.DefaultMavenResourcesFiltering - Copying 2 resources from src\main\resources to target\classes
2025-02-21 00:10:50,690 [Worker-31: ビルド] INFO  o.a.m.s.f.DefaultMavenResourcesFiltering - Copying 41 resources from src\main\resources to target\classes
2025-02-21 00:10:50,699 [Worker-31: ビルド] INFO  o.a.m.s.f.DefaultMavenResourcesFiltering - skip non existing resourceDirectory C:\kadai_003\kadai_003\samuraitravel\src\test\resources
2025-02-21 00:10:58,759 [Worker-39: ビルド] INFO  o.a.m.s.f.DefaultMavenResourcesFiltering - Copying 2 resources from src\main\resources to target\classes
2025-02-21 00:10:58,766 [Worker-39: ビルド] INFO  o.a.m.s.f.DefaultMavenResourcesFiltering - Copying 41 resources from src\main\resources to target\classes
2025-02-21 00:10:58,775 [Worker-39: ビルド] INFO  o.a.m.s.f.DefaultMavenResourcesFiltering - skip non existing resourceDirectory C:\kadai_003\kadai_003\samuraitravel\src\test\resources
2025-02-21 00:15:54,554 [Worker-40: ビルド] INFO  o.a.m.s.f.DefaultMavenResourcesFiltering - Copying 2 resources from src\main\resources to target\classes
2025-02-21 00:15:54,562 [Worker-40: ビルド] INFO  o.a.m.s.f.DefaultMavenResourcesFiltering - Copying 41 resources from src\main\resources to target\classes
2025-02-21 00:15:54,571 [Worker-40: ビルド] INFO  o.a.m.s.f.DefaultMavenResourcesFiltering - skip non existing resourceDirectory C:\kadai_003\kadai_003\samuraitravel\src\test\resources
2025-02-21 00:16:19,662 [Worker-35: ビルド] INFO  o.a.m.s.f.DefaultMavenResourcesFiltering - Copying 2 resources from src\main\resources to target\classes
2025-02-21 00:16:19,669 [Worker-35: ビルド] INFO  o.a.m.s.f.DefaultMavenResourcesFiltering - Copying 41 resources from src\main\resources to target\classes
2025-02-21 00:16:19,680 [Worker-35: ビルド] INFO  o.a.m.s.f.DefaultMavenResourcesFiltering - skip non existing resourceDirectory C:\kadai_003\kadai_003\samuraitravel\src\test\resources
2025-02-21 00:17:43,903 [Worker-35: ビルド] INFO  o.a.m.s.f.DefaultMavenResourcesFiltering - Copying 2 resources from src\main\resources to target\classes
2025-02-21 00:17:43,910 [Worker-35: ビルド] INFO  o.a.m.s.f.DefaultMavenResourcesFiltering - Copying 41 resources from src\main\resources to target\classes
2025-02-21 00:17:43,920 [Worker-35: ビルド] INFO  o.a.m.s.f.DefaultMavenResourcesFiltering - skip non existing resourceDirectory C:\kadai_003\kadai_003\samuraitravel\src\test\resources
2025-02-21 00:21:48,090 [Worker-35: ビルド] INFO  o.a.m.s.f.DefaultMavenResourcesFiltering - Copying 2 resources from src\main\resources to target\classes
2025-02-21 00:21:48,096 [Worker-35: ビルド] INFO  o.a.m.s.f.DefaultMavenResourcesFiltering - Copying 41 resources from src\main\resources to target\classes
2025-02-21 00:21:48,107 [Worker-35: ビルド] INFO  o.a.m.s.f.DefaultMavenResourcesFiltering - skip non existing resourceDirectory C:\kadai_003\kadai_003\samuraitravel\src\test\resources
2025-02-21 00:37:20,157 [Worker-42: ビルド] INFO  o.a.m.s.f.DefaultMavenResourcesFiltering - Copying 2 resources from src\main\resources to target\classes
2025-02-21 00:37:20,168 [Worker-42: ビルド] INFO  o.a.m.s.f.DefaultMavenResourcesFiltering - Copying 41 resources from src\main\resources to target\classes
2025-02-21 00:37:20,178 [Worker-42: ビルド] INFO  o.a.m.s.f.DefaultMavenResourcesFiltering - skip non existing resourceDirectory C:\kadai_003\kadai_003\samuraitravel\src\test\resources
2025-02-21 00:38:30,238 [Worker-40: ビルド] INFO  o.a.m.s.f.DefaultMavenResourcesFiltering - Copying 2 resources from src\main\resources to target\classes
2025-02-21 00:38:30,245 [Worker-40: ビルド] INFO  o.a.m.s.f.DefaultMavenResourcesFiltering - Copying 41 resources from src\main\resources to target\classes
2025-02-21 00:38:30,255 [Worker-40: ビルド] INFO  o.a.m.s.f.DefaultMavenResourcesFiltering - skip non existing resourceDirectory C:\kadai_003\kadai_003\samuraitravel\src\test\resources
2025-02-21 00:38:43,090 [Worker-45: ビルド] INFO  o.a.m.s.f.DefaultMavenResourcesFiltering - Copying 2 resources from src\main\resources to target\classes
2025-02-21 00:38:43,097 [Worker-45: ビルド] INFO  o.a.m.s.f.DefaultMavenResourcesFiltering - Copying 41 resources from src\main\resources to target\classes
2025-02-21 00:38:43,106 [Worker-45: ビルド] INFO  o.a.m.s.f.DefaultMavenResourcesFiltering - skip non existing resourceDirectory C:\kadai_003\kadai_003\samuraitravel\src\test\resources
2025-02-21 00:39:45,308 [Worker-39: ビルド] INFO  o.a.m.s.f.DefaultMavenResourcesFiltering - Copying 2 resources from src\main\resources to target\classes
2025-02-21 00:39:45,317 [Worker-39: ビルド] INFO  o.a.m.s.f.DefaultMavenResourcesFiltering - Copying 41 resources from src\main\resources to target\classes
2025-02-21 00:39:45,328 [Worker-39: ビルド] INFO  o.a.m.s.f.DefaultMavenResourcesFiltering - skip non existing resourceDirectory C:\kadai_003\kadai_003\samuraitravel\src\test\resources
2025-02-21 00:41:45,987 [Worker-39: ビルド] INFO  o.a.m.s.f.DefaultMavenResourcesFiltering - Copying 2 resources from src\main\resources to target\classes
2025-02-21 00:41:45,995 [Worker-39: ビルド] INFO  o.a.m.s.f.DefaultMavenResourcesFiltering - Copying 41 resources from src\main\resources to target\classes
2025-02-21 00:41:46,005 [Worker-39: ビルド] INFO  o.a.m.s.f.DefaultMavenResourcesFiltering - skip non existing resourceDirectory C:\kadai_003\kadai_003\samuraitravel\src\test\resources
2025-02-21 00:42:40,867 [Worker-44: ビルド] INFO  o.a.m.s.f.DefaultMavenResourcesFiltering - Copying 2 resources from src\main\resources to target\classes
2025-02-21 00:42:40,876 [Worker-44: ビルド] INFO  o.a.m.s.f.DefaultMavenResourcesFiltering - Copying 41 resources from src\main\resources to target\classes
2025-02-21 00:42:40,887 [Worker-44: ビルド] INFO  o.a.m.s.f.DefaultMavenResourcesFiltering - skip non existing resourceDirectory C:\kadai_003\kadai_003\samuraitravel\src\test\resources
2025-02-21 00:43:18,358 [Worker-45: ビルド] INFO  o.a.m.s.f.DefaultMavenResourcesFiltering - Copying 2 resources from src\main\resources to target\classes
2025-02-21 00:43:18,368 [Worker-45: ビルド] INFO  o.a.m.s.f.DefaultMavenResourcesFiltering - Copying 41 resources from src\main\resources to target\classes
2025-02-21 00:43:18,378 [Worker-45: ビルド] INFO  o.a.m.s.f.DefaultMavenResourcesFiltering - skip non existing resourceDirectory C:\kadai_003\kadai_003\samuraitravel\src\test\resources
2025-02-21 00:43:34,120 [Worker-42: ビルド] INFO  o.a.m.s.f.DefaultMavenResourcesFiltering - Copying 2 resources from src\main\resources to target\classes
2025-02-21 00:43:34,126 [Worker-42: ビルド] INFO  o.a.m.s.f.DefaultMavenResourcesFiltering - Copying 41 resources from src\main\resources to target\classes
2025-02-21 00:43:34,136 [Worker-42: ビルド] INFO  o.a.m.s.f.DefaultMavenResourcesFiltering - skip non existing resourceDirectory C:\kadai_003\kadai_003\samuraitravel\src\test\resources
2025-02-21 00:43:43,432 [Worker-39: ビルド] INFO  o.a.m.s.f.DefaultMavenResourcesFiltering - Copying 2 resources from src\main\resources to target\classes
2025-02-21 00:43:43,438 [Worker-39: ビルド] INFO  o.a.m.s.f.DefaultMavenResourcesFiltering - Copying 41 resources from src\main\resources to target\classes
2025-02-21 00:43:43,448 [Worker-39: ビルド] INFO  o.a.m.s.f.DefaultMavenResourcesFiltering - skip non existing resourceDirectory C:\kadai_003\kadai_003\samuraitravel\src\test\resources
2025-02-21 00:44:24,042 [Worker-47: ビルド] INFO  o.a.m.s.f.DefaultMavenResourcesFiltering - Copying 2 resources from src\main\resources to target\classes
2025-02-21 00:44:24,048 [Worker-47: ビルド] INFO  o.a.m.s.f.DefaultMavenResourcesFiltering - Copying 41 resources from src\main\resources to target\classes
2025-02-21 00:44:24,058 [Worker-47: ビルド] INFO  o.a.m.s.f.DefaultMavenResourcesFiltering - skip non existing resourceDirectory C:\kadai_003\kadai_003\samuraitravel\src\test\resources
2025-02-21 00:44:42,528 [Worker-39: ビルド] INFO  o.a.m.s.f.DefaultMavenResourcesFiltering - Copying 2 resources from src\main\resources to target\classes
2025-02-21 00:44:42,538 [Worker-39: ビルド] INFO  o.a.m.s.f.DefaultMavenResourcesFiltering - Copying 41 resources from src\main\resources to target\classes
2025-02-21 00:44:42,549 [Worker-39: ビルド] INFO  o.a.m.s.f.DefaultMavenResourcesFiltering - skip non existing resourceDirectory C:\kadai_003\kadai_003\samuraitravel\src\test\resources
2025-02-21 00:44:50,862 [Worker-47: ビルド] INFO  o.a.m.s.f.DefaultMavenResourcesFiltering - Copying 2 resources from src\main\resources to target\classes
2025-02-21 00:44:50,871 [Worker-47: ビルド] INFO  o.a.m.s.f.DefaultMavenResourcesFiltering - Copying 41 resources from src\main\resources to target\classes
2025-02-21 00:44:50,881 [Worker-47: ビルド] INFO  o.a.m.s.f.DefaultMavenResourcesFiltering - skip non existing resourceDirectory C:\kadai_003\kadai_003\samuraitravel\src\test\resources
2025-02-21 00:45:43,346 [Worker-40: ビルド] INFO  o.a.m.s.f.DefaultMavenResourcesFiltering - Copying 2 resources from src\main\resources to target\classes
2025-02-21 00:45:43,352 [Worker-40: ビルド] INFO  o.a.m.s.f.DefaultMavenResourcesFiltering - Copying 41 resources from src\main\resources to target\classes
2025-02-21 00:45:43,362 [Worker-40: ビルド] INFO  o.a.m.s.f.DefaultMavenResourcesFiltering - skip non existing resourceDirectory C:\kadai_003\kadai_003\samuraitravel\src\test\resources
2025-02-21 00:47:22,135 [Worker-47: ビルド] INFO  o.a.m.s.f.DefaultMavenResourcesFiltering - Copying 2 resources from src\main\resources to target\classes
2025-02-21 00:47:22,142 [Worker-47: ビルド] INFO  o.a.m.s.f.DefaultMavenResourcesFiltering - Copying 41 resources from src\main\resources to target\classes
2025-02-21 00:47:22,152 [Worker-47: ビルド] INFO  o.a.m.s.f.DefaultMavenResourcesFiltering - skip non existing resourceDirectory C:\kadai_003\kadai_003\samuraitravel\src\test\resources
2025-02-21 00:48:19,667 [Worker-42: ビルド] INFO  o.a.m.s.f.DefaultMavenResourcesFiltering - Copying 2 resources from src\main\resources to target\classes
2025-02-21 00:48:19,676 [Worker-42: ビルド] INFO  o.a.m.s.f.DefaultMavenResourcesFiltering - Copying 41 resources from src\main\resources to target\classes
2025-02-21 00:48:19,686 [Worker-42: ビルド] INFO  o.a.m.s.f.DefaultMavenResourcesFiltering - skip non existing resourceDirectory C:\kadai_003\kadai_003\samuraitravel\src\test\resources
2025-02-21 00:53:52,044 [Worker-39: ビルド] INFO  o.a.m.s.f.DefaultMavenResourcesFiltering - Copying 2 resources from src\main\resources to target\classes
2025-02-21 00:53:52,051 [Worker-39: ビルド] INFO  o.a.m.s.f.DefaultMavenResourcesFiltering - Copying 41 resources from src\main\resources to target\classes
2025-02-21 00:53:52,061 [Worker-39: ビルド] INFO  o.a.m.s.f.DefaultMavenResourcesFiltering - skip non existing resourceDirectory C:\kadai_003\kadai_003\samuraitravel\src\test\resources
2025-02-21 00:54:31,260 [Worker-42: ビルド] INFO  o.a.m.s.f.DefaultMavenResourcesFiltering - Copying 2 resources from src\main\resources to target\classes
2025-02-21 00:54:31,268 [Worker-42: ビルド] INFO  o.a.m.s.f.DefaultMavenResourcesFiltering - Copying 41 resources from src\main\resources to target\classes
2025-02-21 00:54:31,280 [Worker-42: ビルド] INFO  o.a.m.s.f.DefaultMavenResourcesFiltering - skip non existing resourceDirectory C:\kadai_003\kadai_003\samuraitravel\src\test\resources
2025-02-21 00:54:43,415 [Worker-40: ビルド] INFO  o.a.m.s.f.DefaultMavenResourcesFiltering - Copying 2 resources from src\main\resources to target\classes
2025-02-21 00:54:43,424 [Worker-40: ビルド] INFO  o.a.m.s.f.DefaultMavenResourcesFiltering - Copying 41 resources from src\main\resources to target\classes
2025-02-21 00:54:43,437 [Worker-40: ビルド] INFO  o.a.m.s.f.DefaultMavenResourcesFiltering - skip non existing resourceDirectory C:\kadai_003\kadai_003\samuraitravel\src\test\resources
2025-02-21 00:58:01,528 [Worker-47: ビルド] INFO  o.a.m.s.f.DefaultMavenResourcesFiltering - Copying 0 resource from src\main\resources to target\classes
2025-02-21 00:58:01,535 [Worker-47: ビルド] INFO  o.a.m.s.f.DefaultMavenResourcesFiltering - Copying 1 resource from src\main\resources to target\classes
2025-02-21 00:58:01,538 [Worker-47: ビルド] INFO  o.a.m.s.f.DefaultMavenResourcesFiltering - skip non existing resourceDirectory C:\kadai_003\kadai_003\samuraitravel\src\test\resources
2025-02-21 00:58:52,978 [Worker-40: ビルド] INFO  o.a.m.s.f.DefaultMavenResourcesFiltering - Copying 0 resource from src\main\resources to target\classes
2025-02-21 00:58:52,985 [Worker-40: ビルド] INFO  o.a.m.s.f.DefaultMavenResourcesFiltering - Copying 1 resource from src\main\resources to target\classes
2025-02-21 00:58:52,988 [Worker-40: ビルド] INFO  o.a.m.s.f.DefaultMavenResourcesFiltering - skip non existing resourceDirectory C:\kadai_003\kadai_003\samuraitravel\src\test\resources
2025-02-21 00:59:11,546 [Worker-48: ビルド] INFO  o.a.m.s.f.DefaultMavenResourcesFiltering - Copying 0 resource from src\main\resources to target\classes
2025-02-21 00:59:11,553 [Worker-48: ビルド] INFO  o.a.m.s.f.DefaultMavenResourcesFiltering - Copying 1 resource from src\main\resources to target\classes
2025-02-21 00:59:11,556 [Worker-48: ビルド] INFO  o.a.m.s.f.DefaultMavenResourcesFiltering - skip non existing resourceDirectory C:\kadai_003\kadai_003\samuraitravel\src\test\resources
2025-02-21 01:09:08,550 [Worker-44: ビルド] INFO  o.a.m.s.f.DefaultMavenResourcesFiltering - Copying 0 resource from src\main\resources to target\classes
2025-02-21 01:09:08,558 [Worker-44: ビルド] INFO  o.a.m.s.f.DefaultMavenResourcesFiltering - Copying 1 resource from src\main\resources to target\classes
2025-02-21 01:09:08,561 [Worker-44: ビルド] INFO  o.a.m.s.f.DefaultMavenResourcesFiltering - skip non existing resourceDirectory C:\kadai_003\kadai_003\samuraitravel\src\test\resources
2025-02-21 17:18:18,710 [Worker-4: Loading available Gradle versions] INFO  o.e.b.c.i.u.g.PublishedGradleVersions - Gradle version information cache is up-to-date. Trying to read.
2025-02-21 17:33:46,264 [Worker-18: ビルド] INFO  o.a.m.s.f.DefaultMavenResourcesFiltering - Copying 2 resources from src\main\resources to target\classes
2025-02-21 17:33:46,280 [Worker-18: ビルド] INFO  o.a.m.s.f.DefaultMavenResourcesFiltering - Copying 41 resources from src\main\resources to target\classes
2025-02-21 17:33:46,323 [Worker-18: ビルド] INFO  o.a.m.s.f.DefaultMavenResourcesFiltering - skip non existing resourceDirectory C:\kadai_003\kadai_003\samuraitravel\src\test\resources
2025-02-21 21:01:59,776 [Worker-42: ビルド] INFO  o.a.m.s.f.DefaultMavenResourcesFiltering - Copying 2 resources from src\main\resources to target\classes
2025-02-21 21:01:59,786 [Worker-42: ビルド] INFO  o.a.m.s.f.DefaultMavenResourcesFiltering - Copying 41 resources from src\main\resources to target\classes
2025-02-21 21:01:59,797 [Worker-42: ビルド] INFO  o.a.m.s.f.DefaultMavenResourcesFiltering - skip non existing resourceDirectory C:\kadai_003\kadai_003\samuraitravel\src\test\resources
2025-02-21 21:02:51,934 [Worker-42: ビルド] INFO  o.a.m.s.f.DefaultMavenResourcesFiltering - Copying 2 resources from src\main\resources to target\classes
2025-02-21 21:02:51,943 [Worker-42: ビルド] INFO  o.a.m.s.f.DefaultMavenResourcesFiltering - Copying 41 resources from src\main\resources to target\classes
2025-02-21 21:02:51,954 [Worker-42: ビルド] INFO  o.a.m.s.f.DefaultMavenResourcesFiltering - skip non existing resourceDirectory C:\kadai_003\kadai_003\samuraitravel\src\test\resources
2025-02-21 21:19:08,152 [Worker-44: ビルド] INFO  o.a.m.s.f.DefaultMavenResourcesFiltering - Copying 2 resources from src\main\resources to target\classes
2025-02-21 21:19:08,163 [Worker-44: ビルド] INFO  o.a.m.s.f.DefaultMavenResourcesFiltering - Copying 41 resources from src\main\resources to target\classes
2025-02-21 21:19:08,175 [Worker-44: ビルド] INFO  o.a.m.s.f.DefaultMavenResourcesFiltering - skip non existing resourceDirectory C:\kadai_003\kadai_003\samuraitravel\src\test\resources
2025-02-21 21:19:15,960 [Worker-54: ビルド] INFO  o.a.m.s.f.DefaultMavenResourcesFiltering - Copying 2 resources from src\main\resources to target\classes
2025-02-21 21:19:15,969 [Worker-54: ビルド] INFO  o.a.m.s.f.DefaultMavenResourcesFiltering - Copying 41 resources from src\main\resources to target\classes
2025-02-21 21:19:15,979 [Worker-54: ビルド] INFO  o.a.m.s.f.DefaultMavenResourcesFiltering - skip non existing resourceDirectory C:\kadai_003\kadai_003\samuraitravel\src\test\resources
2025-02-21 21:33:03,755 [Worker-56: ビルド] INFO  o.a.m.s.f.DefaultMavenResourcesFiltering - Copying 2 resources from src\main\resources to target\classes
2025-02-21 21:33:03,764 [Worker-56: ビルド] INFO  o.a.m.s.f.DefaultMavenResourcesFiltering - Copying 41 resources from src\main\resources to target\classes
2025-02-21 21:33:03,777 [Worker-56: ビルド] INFO  o.a.m.s.f.DefaultMavenResourcesFiltering - skip non existing resourceDirectory C:\kadai_003\kadai_003\samuraitravel\src\test\resources
2025-02-21 21:34:49,231 [Worker-51: ビルド] INFO  o.a.m.s.f.DefaultMavenResourcesFiltering - Copying 2 resources from src\main\resources to target\classes
2025-02-21 21:34:49,240 [Worker-51: ビルド] INFO  o.a.m.s.f.DefaultMavenResourcesFiltering - Copying 41 resources from src\main\resources to target\classes
2025-02-21 21:34:49,252 [Worker-51: ビルド] INFO  o.a.m.s.f.DefaultMavenResourcesFiltering - skip non existing resourceDirectory C:\kadai_003\kadai_003\samuraitravel\src\test\resources
2025-02-21 21:35:35,454 [Worker-57: ビルド] INFO  o.a.m.s.f.DefaultMavenResourcesFiltering - Copying 2 resources from src\main\resources to target\classes
2025-02-21 21:35:35,461 [Worker-57: ビルド] INFO  o.a.m.s.f.DefaultMavenResourcesFiltering - Copying 41 resources from src\main\resources to target\classes
2025-02-21 21:35:35,472 [Worker-57: ビルド] INFO  o.a.m.s.f.DefaultMavenResourcesFiltering - skip non existing resourceDirectory C:\kadai_003\kadai_003\samuraitravel\src\test\resources
2025-02-21 21:36:22,434 [Worker-60: ビルド] INFO  o.a.m.s.f.DefaultMavenResourcesFiltering - Copying 2 resources from src\main\resources to target\classes
2025-02-21 21:36:22,441 [Worker-60: ビルド] INFO  o.a.m.s.f.DefaultMavenResourcesFiltering - Copying 41 resources from src\main\resources to target\classes
2025-02-21 21:36:22,453 [Worker-60: ビルド] INFO  o.a.m.s.f.DefaultMavenResourcesFiltering - skip non existing resourceDirectory C:\kadai_003\kadai_003\samuraitravel\src\test\resources
2025-02-21 21:49:06,595 [Worker-58: ビルド] INFO  o.a.m.s.f.DefaultMavenResourcesFiltering - Copying 2 resources from src\main\resources to target\classes
2025-02-21 21:49:06,602 [Worker-58: ビルド] INFO  o.a.m.s.f.DefaultMavenResourcesFiltering - Copying 41 resources from src\main\resources to target\classes
2025-02-21 21:49:06,612 [Worker-58: ビルド] INFO  o.a.m.s.f.DefaultMavenResourcesFiltering - skip non existing resourceDirectory C:\kadai_003\kadai_003\samuraitravel\src\test\resources
2025-02-21 21:49:19,825 [Worker-58: ビルド] INFO  o.a.m.s.f.DefaultMavenResourcesFiltering - Copying 2 resources from src\main\resources to target\classes
2025-02-21 21:49:19,832 [Worker-58: ビルド] INFO  o.a.m.s.f.DefaultMavenResourcesFiltering - Copying 41 resources from src\main\resources to target\classes
2025-02-21 21:49:19,843 [Worker-58: ビルド] INFO  o.a.m.s.f.DefaultMavenResourcesFiltering - skip non existing resourceDirectory C:\kadai_003\kadai_003\samuraitravel\src\test\resources
2025-02-21 21:49:39,909 [Worker-51: ビルド] INFO  o.a.m.s.f.DefaultMavenResourcesFiltering - Copying 2 resources from src\main\resources to target\classes
2025-02-21 21:49:39,918 [Worker-51: ビルド] INFO  o.a.m.s.f.DefaultMavenResourcesFiltering - Copying 41 resources from src\main\resources to target\classes
2025-02-21 21:49:39,928 [Worker-51: ビルド] INFO  o.a.m.s.f.DefaultMavenResourcesFiltering - skip non existing resourceDirectory C:\kadai_003\kadai_003\samuraitravel\src\test\resources
2025-02-21 21:50:08,746 [Worker-58: ビルド] INFO  o.a.m.s.f.DefaultMavenResourcesFiltering - Copying 2 resources from src\main\resources to target\classes
2025-02-21 21:50:08,753 [Worker-58: ビルド] INFO  o.a.m.s.f.DefaultMavenResourcesFiltering - Copying 41 resources from src\main\resources to target\classes
2025-02-21 21:50:08,763 [Worker-58: ビルド] INFO  o.a.m.s.f.DefaultMavenResourcesFiltering - skip non existing resourceDirectory C:\kadai_003\kadai_003\samuraitravel\src\test\resources
2025-02-21 21:51:18,292 [Worker-58: ビルド] INFO  o.a.m.s.f.DefaultMavenResourcesFiltering - Copying 2 resources from src\main\resources to target\classes
2025-02-21 21:51:18,301 [Worker-58: ビルド] INFO  o.a.m.s.f.DefaultMavenResourcesFiltering - Copying 41 resources from src\main\resources to target\classes
2025-02-21 21:51:18,311 [Worker-58: ビルド] INFO  o.a.m.s.f.DefaultMavenResourcesFiltering - skip non existing resourceDirectory C:\kadai_003\kadai_003\samuraitravel\src\test\resources
2025-02-21 21:51:38,555 [Worker-58: ビルド] INFO  o.a.m.s.f.DefaultMavenResourcesFiltering - Copying 2 resources from src\main\resources to target\classes
2025-02-21 21:51:38,563 [Worker-58: ビルド] INFO  o.a.m.s.f.DefaultMavenResourcesFiltering - Copying 41 resources from src\main\resources to target\classes
2025-02-21 21:51:38,574 [Worker-58: ビルド] INFO  o.a.m.s.f.DefaultMavenResourcesFiltering - skip non existing resourceDirectory C:\kadai_003\kadai_003\samuraitravel\src\test\resources
2025-02-21 21:54:16,841 [Worker-59: ビルド] INFO  o.a.m.s.f.DefaultMavenResourcesFiltering - Copying 2 resources from src\main\resources to target\classes
2025-02-21 21:54:16,848 [Worker-59: ビルド] INFO  o.a.m.s.f.DefaultMavenResourcesFiltering - Copying 41 resources from src\main\resources to target\classes
2025-02-21 21:54:16,858 [Worker-59: ビルド] INFO  o.a.m.s.f.DefaultMavenResourcesFiltering - skip non existing resourceDirectory C:\kadai_003\kadai_003\samuraitravel\src\test\resources
2025-02-21 21:58:19,190 [Worker-62: ビルド] INFO  o.a.m.s.f.DefaultMavenResourcesFiltering - Copying 2 resources from src\main\resources to target\classes
2025-02-21 21:58:19,202 [Worker-62: ビルド] INFO  o.a.m.s.f.DefaultMavenResourcesFiltering - Copying 41 resources from src\main\resources to target\classes
2025-02-21 21:58:19,214 [Worker-62: ビルド] INFO  o.a.m.s.f.DefaultMavenResourcesFiltering - skip non existing resourceDirectory C:\kadai_003\kadai_003\samuraitravel\src\test\resources
2025-02-21 22:19:27,253 [Worker-51: ビルド] INFO  o.a.m.s.f.DefaultMavenResourcesFiltering - Copying 2 resources from src\main\resources to target\classes
2025-02-21 22:19:27,263 [Worker-51: ビルド] INFO  o.a.m.s.f.DefaultMavenResourcesFiltering - Copying 41 resources from src\main\resources to target\classes
2025-02-21 22:19:27,275 [Worker-51: ビルド] INFO  o.a.m.s.f.DefaultMavenResourcesFiltering - skip non existing resourceDirectory C:\kadai_003\kadai_003\samuraitravel\src\test\resources
2025-02-21 22:27:47,303 [Worker-62: ビルド] INFO  o.a.m.s.f.DefaultMavenResourcesFiltering - Copying 2 resources from src\main\resources to target\classes
2025-02-21 22:27:47,309 [Worker-62: ビルド] INFO  o.a.m.s.f.DefaultMavenResourcesFiltering - Copying 41 resources from src\main\resources to target\classes
2025-02-21 22:27:47,320 [Worker-62: ビルド] INFO  o.a.m.s.f.DefaultMavenResourcesFiltering - skip non existing resourceDirectory C:\kadai_003\kadai_003\samuraitravel\src\test\resources
2025-02-21 22:28:22,851 [Worker-51: ビルド] INFO  o.a.m.s.f.DefaultMavenResourcesFiltering - Copying 2 resources from src\main\resources to target\classes
2025-02-21 22:28:22,858 [Worker-51: ビルド] INFO  o.a.m.s.f.DefaultMavenResourcesFiltering - Copying 41 resources from src\main\resources to target\classes
2025-02-21 22:28:22,868 [Worker-51: ビルド] INFO  o.a.m.s.f.DefaultMavenResourcesFiltering - skip non existing resourceDirectory C:\kadai_003\kadai_003\samuraitravel\src\test\resources
2025-02-21 22:29:18,537 [Worker-63: ビルド] INFO  o.a.m.s.f.DefaultMavenResourcesFiltering - Copying 2 resources from src\main\resources to target\classes
2025-02-21 22:29:18,544 [Worker-63: ビルド] INFO  o.a.m.s.f.DefaultMavenResourcesFiltering - Copying 41 resources from src\main\resources to target\classes
2025-02-21 22:29:18,557 [Worker-63: ビルド] INFO  o.a.m.s.f.DefaultMavenResourcesFiltering - skip non existing resourceDirectory C:\kadai_003\kadai_003\samuraitravel\src\test\resources
2025-02-21 22:30:06,960 [Worker-66: ビルド] INFO  o.a.m.s.f.DefaultMavenResourcesFiltering - Copying 2 resources from src\main\resources to target\classes
2025-02-21 22:30:06,967 [Worker-66: ビルド] INFO  o.a.m.s.f.DefaultMavenResourcesFiltering - Copying 41 resources from src\main\resources to target\classes
2025-02-21 22:30:06,976 [Worker-66: ビルド] INFO  o.a.m.s.f.DefaultMavenResourcesFiltering - skip non existing resourceDirectory C:\kadai_003\kadai_003\samuraitravel\src\test\resources
2025-02-21 22:31:16,886 [Worker-63: ビルド] INFO  o.a.m.s.f.DefaultMavenResourcesFiltering - Copying 2 resources from src\main\resources to target\classes
2025-02-21 22:31:16,893 [Worker-63: ビルド] INFO  o.a.m.s.f.DefaultMavenResourcesFiltering - Copying 41 resources from src\main\resources to target\classes
2025-02-21 22:31:16,903 [Worker-63: ビルド] INFO  o.a.m.s.f.DefaultMavenResourcesFiltering - skip non existing resourceDirectory C:\kadai_003\kadai_003\samuraitravel\src\test\resources
2025-02-21 22:33:12,756 [Worker-66: ビルド] INFO  o.a.m.s.f.DefaultMavenResourcesFiltering - Copying 2 resources from src\main\resources to target\classes
2025-02-21 22:33:12,765 [Worker-66: ビルド] INFO  o.a.m.s.f.DefaultMavenResourcesFiltering - Copying 41 resources from src\main\resources to target\classes
2025-02-21 22:33:12,776 [Worker-66: ビルド] INFO  o.a.m.s.f.DefaultMavenResourcesFiltering - skip non existing resourceDirectory C:\kadai_003\kadai_003\samuraitravel\src\test\resources
2025-02-21 22:37:50,395 [Worker-65: ビルド] INFO  o.a.m.s.f.DefaultMavenResourcesFiltering - Copying 2 resources from src\main\resources to target\classes
2025-02-21 22:37:50,402 [Worker-65: ビルド] INFO  o.a.m.s.f.DefaultMavenResourcesFiltering - Copying 41 resources from src\main\resources to target\classes
2025-02-21 22:37:50,412 [Worker-65: ビルド] INFO  o.a.m.s.f.DefaultMavenResourcesFiltering - skip non existing resourceDirectory C:\kadai_003\kadai_003\samuraitravel\src\test\resources
2025-02-21 22:39:45,892 [Worker-56: ビルド] INFO  o.a.m.s.f.DefaultMavenResourcesFiltering - Copying 2 resources from src\main\resources to target\classes
2025-02-21 22:39:45,900 [Worker-56: ビルド] INFO  o.a.m.s.f.DefaultMavenResourcesFiltering - Copying 41 resources from src\main\resources to target\classes
2025-02-21 22:39:45,912 [Worker-56: ビルド] INFO  o.a.m.s.f.DefaultMavenResourcesFiltering - skip non existing resourceDirectory C:\kadai_003\kadai_003\samuraitravel\src\test\resources
2025-02-21 22:41:47,104 [Worker-67: ビルド] INFO  o.a.m.s.f.DefaultMavenResourcesFiltering - Copying 2 resources from src\main\resources to target\classes
2025-02-21 22:41:47,111 [Worker-67: ビルド] INFO  o.a.m.s.f.DefaultMavenResourcesFiltering - Copying 41 resources from src\main\resources to target\classes
2025-02-21 22:41:47,122 [Worker-67: ビルド] INFO  o.a.m.s.f.DefaultMavenResourcesFiltering - skip non existing resourceDirectory C:\kadai_003\kadai_003\samuraitravel\src\test\resources
2025-02-21 22:42:07,055 [Worker-65: ビルド] INFO  o.a.m.s.f.DefaultMavenResourcesFiltering - Copying 2 resources from src\main\resources to target\classes
2025-02-21 22:42:07,064 [Worker-65: ビルド] INFO  o.a.m.s.f.DefaultMavenResourcesFiltering - Copying 41 resources from src\main\resources to target\classes
2025-02-21 22:42:07,075 [Worker-65: ビルド] INFO  o.a.m.s.f.DefaultMavenResourcesFiltering - skip non existing resourceDirectory C:\kadai_003\kadai_003\samuraitravel\src\test\resources
2025-02-21 22:42:55,393 [Worker-67: ビルド] INFO  o.a.m.s.f.DefaultMavenResourcesFiltering - Copying 2 resources from src\main\resources to target\classes
2025-02-21 22:42:55,405 [Worker-67: ビルド] INFO  o.a.m.s.f.DefaultMavenResourcesFiltering - Copying 41 resources from src\main\resources to target\classes
2025-02-21 22:42:55,417 [Worker-67: ビルド] INFO  o.a.m.s.f.DefaultMavenResourcesFiltering - skip non existing resourceDirectory C:\kadai_003\kadai_003\samuraitravel\src\test\resources
2025-02-21 22:43:23,832 [Worker-65: ビルド] INFO  o.a.m.s.f.DefaultMavenResourcesFiltering - Copying 2 resources from src\main\resources to target\classes
2025-02-21 22:43:23,838 [Worker-65: ビルド] INFO  o.a.m.s.f.DefaultMavenResourcesFiltering - Copying 41 resources from src\main\resources to target\classes
2025-02-21 22:43:23,848 [Worker-65: ビルド] INFO  o.a.m.s.f.DefaultMavenResourcesFiltering - skip non existing resourceDirectory C:\kadai_003\kadai_003\samuraitravel\src\test\resources
2025-02-21 22:43:43,232 [Worker-68: ビルド] INFO  o.a.m.s.f.DefaultMavenResourcesFiltering - Copying 2 resources from src\main\resources to target\classes
2025-02-21 22:43:43,238 [Worker-68: ビルド] INFO  o.a.m.s.f.DefaultMavenResourcesFiltering - Copying 41 resources from src\main\resources to target\classes
2025-02-21 22:43:43,248 [Worker-68: ビルド] INFO  o.a.m.s.f.DefaultMavenResourcesFiltering - skip non existing resourceDirectory C:\kadai_003\kadai_003\samuraitravel\src\test\resources
2025-02-21 22:44:10,478 [Worker-62: ビルド] INFO  o.a.m.s.f.DefaultMavenResourcesFiltering - Copying 2 resources from src\main\resources to target\classes
2025-02-21 22:44:10,488 [Worker-62: ビルド] INFO  o.a.m.s.f.DefaultMavenResourcesFiltering - Copying 41 resources from src\main\resources to target\classes
2025-02-21 22:44:10,499 [Worker-62: ビルド] INFO  o.a.m.s.f.DefaultMavenResourcesFiltering - skip non existing resourceDirectory C:\kadai_003\kadai_003\samuraitravel\src\test\resources
2025-02-21 22:47:14,534 [Worker-68: ビルド] INFO  o.a.m.s.f.DefaultMavenResourcesFiltering - Copying 2 resources from src\main\resources to target\classes
2025-02-21 22:47:14,541 [Worker-68: ビルド] INFO  o.a.m.s.f.DefaultMavenResourcesFiltering - Copying 41 resources from src\main\resources to target\classes
2025-02-21 22:47:14,551 [Worker-68: ビルド] INFO  o.a.m.s.f.DefaultMavenResourcesFiltering - skip non existing resourceDirectory C:\kadai_003\kadai_003\samuraitravel\src\test\resources
2025-02-21 22:53:56,522 [Worker-67: ビルド] INFO  o.a.m.s.f.DefaultMavenResourcesFiltering - Copying 0 resource from src\main\resources to target\classes
2025-02-21 22:53:56,529 [Worker-67: ビルド] INFO  o.a.m.s.f.DefaultMavenResourcesFiltering - Copying 1 resource from src\main\resources to target\classes
2025-02-21 22:53:56,532 [Worker-67: ビルド] INFO  o.a.m.s.f.DefaultMavenResourcesFiltering - skip non existing resourceDirectory C:\kadai_003\kadai_003\samuraitravel\src\test\resources
2025-02-21 23:05:50,841 [Worker-72: ビルド] INFO  o.a.m.s.f.DefaultMavenResourcesFiltering - Copying 0 resource from src\main\resources to target\classes
2025-02-21 23:05:50,848 [Worker-72: ビルド] INFO  o.a.m.s.f.DefaultMavenResourcesFiltering - Copying 1 resource from src\main\resources to target\classes
2025-02-21 23:05:50,851 [Worker-72: ビルド] INFO  o.a.m.s.f.DefaultMavenResourcesFiltering - skip non existing resourceDirectory C:\kadai_003\kadai_003\samuraitravel\src\test\resources
2025-02-21 23:13:44,553 [Worker-67: ビルド] INFO  o.a.m.s.f.DefaultMavenResourcesFiltering - Copying 0 resource from src\main\resources to target\classes
2025-02-21 23:13:44,560 [Worker-67: ビルド] INFO  o.a.m.s.f.DefaultMavenResourcesFiltering - Copying 1 resource from src\main\resources to target\classes
2025-02-21 23:13:44,564 [Worker-67: ビルド] INFO  o.a.m.s.f.DefaultMavenResourcesFiltering - skip non existing resourceDirectory C:\kadai_003\kadai_003\samuraitravel\src\test\resources
2025-02-21 23:20:00,528 [Worker-71: ビルド] INFO  o.a.m.s.f.DefaultMavenResourcesFiltering - Copying 0 resource from src\main\resources to target\classes
2025-02-21 23:20:00,536 [Worker-71: ビルド] INFO  o.a.m.s.f.DefaultMavenResourcesFiltering - Copying 1 resource from src\main\resources to target\classes
2025-02-21 23:20:00,539 [Worker-71: ビルド] INFO  o.a.m.s.f.DefaultMavenResourcesFiltering - skip non existing resourceDirectory C:\kadai_003\kadai_003\samuraitravel\src\test\resources
2025-02-21 23:27:45,757 [Worker-76: ビルド] INFO  o.a.m.s.f.DefaultMavenResourcesFiltering - Copying 0 resource from src\main\resources to target\classes
2025-02-21 23:27:45,763 [Worker-76: ビルド] INFO  o.a.m.s.f.DefaultMavenResourcesFiltering - Copying 1 resource from src\main\resources to target\classes
2025-02-21 23:27:45,766 [Worker-76: ビルド] INFO  o.a.m.s.f.DefaultMavenResourcesFiltering - skip non existing resourceDirectory C:\kadai_003\kadai_003\samuraitravel\src\test\resources
2025-02-21 23:27:47,882 [Worker-76: ビルド] INFO  o.a.m.s.f.DefaultMavenResourcesFiltering - Copying 0 resource from src\main\resources to target\classes
2025-02-21 23:27:47,888 [Worker-76: ビルド] INFO  o.a.m.s.f.DefaultMavenResourcesFiltering - Copying 1 resource from src\main\resources to target\classes
2025-02-21 23:27:47,891 [Worker-76: ビルド] INFO  o.a.m.s.f.DefaultMavenResourcesFiltering - skip non existing resourceDirectory C:\kadai_003\kadai_003\samuraitravel\src\test\resources
2025-02-21 23:30:03,617 [Worker-71: ビルド] INFO  o.a.m.s.f.DefaultMavenResourcesFiltering - Copying 2 resources from src\main\resources to target\classes
2025-02-21 23:30:03,624 [Worker-71: ビルド] INFO  o.a.m.s.f.DefaultMavenResourcesFiltering - Copying 41 resources from src\main\resources to target\classes
2025-02-21 23:30:03,635 [Worker-71: ビルド] INFO  o.a.m.s.f.DefaultMavenResourcesFiltering - skip non existing resourceDirectory C:\kadai_003\kadai_003\samuraitravel\src\test\resources
2025-02-21 23:30:47,224 [Worker-72: ビルド] INFO  o.a.m.s.f.DefaultMavenResourcesFiltering - Copying 2 resources from src\main\resources to target\classes
2025-02-21 23:30:47,234 [Worker-72: ビルド] INFO  o.a.m.s.f.DefaultMavenResourcesFiltering - Copying 41 resources from src\main\resources to target\classes
2025-02-21 23:30:47,244 [Worker-72: ビルド] INFO  o.a.m.s.f.DefaultMavenResourcesFiltering - skip non existing resourceDirectory C:\kadai_003\kadai_003\samuraitravel\src\test\resources
2025-02-21 23:30:53,198 [Worker-71: ビルド] INFO  o.a.m.s.f.DefaultMavenResourcesFiltering - Copying 2 resources from src\main\resources to target\classes
2025-02-21 23:30:53,207 [Worker-71: ビルド] INFO  o.a.m.s.f.DefaultMavenResourcesFiltering - Copying 41 resources from src\main\resources to target\classes
2025-02-21 23:30:53,217 [Worker-71: ビルド] INFO  o.a.m.s.f.DefaultMavenResourcesFiltering - skip non existing resourceDirectory C:\kadai_003\kadai_003\samuraitravel\src\test\resources
2025-02-21 23:31:09,774 [Worker-75: ビルド] INFO  o.a.m.s.f.DefaultMavenResourcesFiltering - Copying 2 resources from src\main\resources to target\classes
2025-02-21 23:31:09,786 [Worker-75: ビルド] INFO  o.a.m.s.f.DefaultMavenResourcesFiltering - Copying 41 resources from src\main\resources to target\classes
2025-02-21 23:31:09,797 [Worker-75: ビルド] INFO  o.a.m.s.f.DefaultMavenResourcesFiltering - skip non existing resourceDirectory C:\kadai_003\kadai_003\samuraitravel\src\test\resources
2025-02-21 23:34:00,293 [Worker-79: ビルド] INFO  o.a.m.s.f.DefaultMavenResourcesFiltering - Copying 2 resources from src\main\resources to target\classes
2025-02-21 23:34:00,303 [Worker-79: ビルド] INFO  o.a.m.s.f.DefaultMavenResourcesFiltering - Copying 41 resources from src\main\resources to target\classes
2025-02-21 23:34:00,313 [Worker-79: ビルド] INFO  o.a.m.s.f.DefaultMavenResourcesFiltering - skip non existing resourceDirectory C:\kadai_003\kadai_003\samuraitravel\src\test\resources
2025-02-21 23:34:24,370 [Worker-79: ビルド] INFO  o.a.m.s.f.DefaultMavenResourcesFiltering - Copying 2 resources from src\main\resources to target\classes
2025-02-21 23:34:24,379 [Worker-79: ビルド] INFO  o.a.m.s.f.DefaultMavenResourcesFiltering - Copying 41 resources from src\main\resources to target\classes
2025-02-21 23:34:24,389 [Worker-79: ビルド] INFO  o.a.m.s.f.DefaultMavenResourcesFiltering - skip non existing resourceDirectory C:\kadai_003\kadai_003\samuraitravel\src\test\resources
2025-02-21 23:37:28,090 [Worker-72: ビルド] INFO  o.a.m.s.f.DefaultMavenResourcesFiltering - Copying 2 resources from src\main\resources to target\classes
2025-02-21 23:37:28,101 [Worker-72: ビルド] INFO  o.a.m.s.f.DefaultMavenResourcesFiltering - Copying 41 resources from src\main\resources to target\classes
2025-02-21 23:37:28,111 [Worker-72: ビルド] INFO  o.a.m.s.f.DefaultMavenResourcesFiltering - skip non existing resourceDirectory C:\kadai_003\kadai_003\samuraitravel\src\test\resources
2025-02-21 23:37:31,193 [Worker-78: ビルド] INFO  o.a.m.s.f.DefaultMavenResourcesFiltering - Copying 2 resources from src\main\resources to target\classes
2025-02-21 23:37:31,200 [Worker-78: ビルド] INFO  o.a.m.s.f.DefaultMavenResourcesFiltering - Copying 41 resources from src\main\resources to target\classes
2025-02-21 23:37:31,210 [Worker-78: ビルド] INFO  o.a.m.s.f.DefaultMavenResourcesFiltering - skip non existing resourceDirectory C:\kadai_003\kadai_003\samuraitravel\src\test\resources
2025-02-21 23:39:47,698 [Worker-80: samuraitravel - SamuraitravelApplication の起動] INFO  o.a.m.s.f.DefaultMavenResourcesFiltering - Copying 2 resources from src\main\resources to target\classes
2025-02-21 23:39:47,708 [Worker-80: samuraitravel - SamuraitravelApplication の起動] INFO  o.a.m.s.f.DefaultMavenResourcesFiltering - Copying 41 resources from src\main\resources to target\classes
2025-02-21 23:39:47,720 [Worker-80: samuraitravel - SamuraitravelApplication の起動] INFO  o.a.m.s.f.DefaultMavenResourcesFiltering - skip non existing resourceDirectory C:\kadai_003\kadai_003\samuraitravel\src\test\resources
2025-02-22 19:55:21,175 [Worker-8: Loading available Gradle versions] INFO  o.e.b.c.i.u.g.PublishedGradleVersions - Gradle version information cache is out-of-date. Trying to update.
2025-02-22 21:11:44,957 [Worker-7: Loading available Gradle versions] INFO  o.e.b.c.i.u.g.PublishedGradleVersions - Gradle version information cache is up-to-date. Trying to read.
2025-02-22 21:12:00,101 [Worker-2: samuraitravel - SamuraitravelApplication の起動] INFO  o.a.m.s.f.DefaultMavenResourcesFiltering - Copying 2 resources from src\main\resources to target\classes
2025-02-22 21:12:00,116 [Worker-2: samuraitravel - SamuraitravelApplication の起動] INFO  o.a.m.s.f.DefaultMavenResourcesFiltering - Copying 41 resources from src\main\resources to target\classes
2025-02-22 21:12:00,358 [Worker-2: samuraitravel - SamuraitravelApplication の起動] INFO  o.a.m.s.f.DefaultMavenResourcesFiltering - skip non existing resourceDirectory C:\kadai_003\kadai_003\samuraitravel\src\test\resources
2025-02-23 16:23:56,386 [Worker-1: Loading available Gradle versions] INFO  o.e.b.c.i.u.g.PublishedGradleVersions - Gradle version information cache is up-to-date. Trying to read.
2025-02-23 22:46:08,247 [Worker-49: ビルド] INFO  o.a.m.s.f.DefaultMavenResourcesFiltering - Copying 2 resources from src\main\resources to target\classes
2025-02-23 22:46:08,262 [Worker-49: ビルド] INFO  o.a.m.s.f.DefaultMavenResourcesFiltering - Copying 41 resources from src\main\resources to target\classes
2025-02-23 22:46:08,494 [Worker-49: ビルド] INFO  o.a.m.s.f.DefaultMavenResourcesFiltering - skip non existing resourceDirectory C:\kadai_003\kadai_003\samuraitravel\src\test\resources
2025-02-23 22:49:02,093 [Worker-52: ビルド] INFO  o.a.m.s.f.DefaultMavenResourcesFiltering - Copying 2 resources from src\main\resources to target\classes
2025-02-23 22:49:02,110 [Worker-52: ビルド] INFO  o.a.m.s.f.DefaultMavenResourcesFiltering - Copying 41 resources from src\main\resources to target\classes
2025-02-23 22:49:02,124 [Worker-52: ビルド] INFO  o.a.m.s.f.DefaultMavenResourcesFiltering - skip non existing resourceDirectory C:\kadai_003\kadai_003\samuraitravel\src\test\resources
2025-02-23 23:28:49,982 [Worker-58: ビルド] INFO  o.a.m.s.f.DefaultMavenResourcesFiltering - Copying 0 resource from src\main\resources to target\classes
2025-02-23 23:28:49,989 [Worker-58: ビルド] INFO  o.a.m.s.f.DefaultMavenResourcesFiltering - Copying 1 resource from src\main\resources to target\classes
2025-02-23 23:28:49,991 [Worker-58: ビルド] INFO  o.a.m.s.f.DefaultMavenResourcesFiltering - skip non existing resourceDirectory C:\kadai_003\kadai_003\samuraitravel\src\test\resources
2025-02-23 23:44:16,486 [Worker-55: ビルド] INFO  o.a.m.s.f.DefaultMavenResourcesFiltering - Copying 2 resources from src\main\resources to target\classes
2025-02-23 23:44:16,501 [Worker-55: ビルド] INFO  o.a.m.s.f.DefaultMavenResourcesFiltering - Copying 41 resources from src\main\resources to target\classes
2025-02-23 23:44:16,515 [Worker-55: ビルド] INFO  o.a.m.s.f.DefaultMavenResourcesFiltering - skip non existing resourceDirectory C:\kadai_003\kadai_003\samuraitravel\src\test\resources
2025-02-23 23:46:01,422 [Worker-59: ビルド] INFO  o.a.m.s.f.DefaultMavenResourcesFiltering - Copying 2 resources from src\main\resources to target\classes
2025-02-23 23:46:01,430 [Worker-59: ビルド] INFO  o.a.m.s.f.DefaultMavenResourcesFiltering - Copying 41 resources from src\main\resources to target\classes
2025-02-23 23:46:01,443 [Worker-59: ビルド] INFO  o.a.m.s.f.DefaultMavenResourcesFiltering - skip non existing resourceDirectory C:\kadai_003\kadai_003\samuraitravel\src\test\resources
2025-02-24 00:00:37,246 [Worker-59: ビルド] INFO  o.a.m.s.f.DefaultMavenResourcesFiltering - Copying 0 resource from src\main\resources to target\classes
2025-02-24 00:00:37,252 [Worker-59: ビルド] INFO  o.a.m.s.f.DefaultMavenResourcesFiltering - Copying 1 resource from src\main\resources to target\classes
2025-02-24 00:00:37,257 [Worker-59: ビルド] INFO  o.a.m.s.f.DefaultMavenResourcesFiltering - skip non existing resourceDirectory C:\kadai_003\kadai_003\samuraitravel\src\test\resources
2025-02-24 00:04:49,518 [Worker-52: ビルド] INFO  o.a.m.s.f.DefaultMavenResourcesFiltering - Copying 0 resource from src\main\resources to target\classes
2025-02-24 00:04:49,525 [Worker-52: ビルド] INFO  o.a.m.s.f.DefaultMavenResourcesFiltering - Copying 1 resource from src\main\resources to target\classes
2025-02-24 00:04:49,529 [Worker-52: ビルド] INFO  o.a.m.s.f.DefaultMavenResourcesFiltering - skip non existing resourceDirectory C:\kadai_003\kadai_003\samuraitravel\src\test\resources
2025-02-24 00:05:12,880 [Worker-58: ビルド] INFO  o.a.m.s.f.DefaultMavenResourcesFiltering - Copying 0 resource from src\main\resources to target\classes
2025-02-24 00:05:12,890 [Worker-58: ビルド] INFO  o.a.m.s.f.DefaultMavenResourcesFiltering - Copying 1 resource from src\main\resources to target\classes
2025-02-24 00:05:12,898 [Worker-58: ビルド] INFO  o.a.m.s.f.DefaultMavenResourcesFiltering - skip non existing resourceDirectory C:\kadai_003\kadai_003\samuraitravel\src\test\resources
2025-02-24 00:08:03,562 [Worker-52: ビルド] INFO  o.a.m.s.f.DefaultMavenResourcesFiltering - Copying 0 resource from src\main\resources to target\classes
2025-02-24 00:08:03,568 [Worker-52: ビルド] INFO  o.a.m.s.f.DefaultMavenResourcesFiltering - Copying 1 resource from src\main\resources to target\classes
2025-02-24 00:08:03,571 [Worker-52: ビルド] INFO  o.a.m.s.f.DefaultMavenResourcesFiltering - skip non existing resourceDirectory C:\kadai_003\kadai_003\samuraitravel\src\test\resources
2025-02-24 00:08:20,597 [Worker-52: ビルド] INFO  o.a.m.s.f.DefaultMavenResourcesFiltering - Copying 0 resource from src\main\resources to target\classes
2025-02-24 00:08:20,603 [Worker-52: ビルド] INFO  o.a.m.s.f.DefaultMavenResourcesFiltering - Copying 1 resource from src\main\resources to target\classes
2025-02-24 00:08:20,608 [Worker-52: ビルド] INFO  o.a.m.s.f.DefaultMavenResourcesFiltering - skip non existing resourceDirectory C:\kadai_003\kadai_003\samuraitravel\src\test\resources
2025-02-24 00:13:16,112 [Worker-52: ビルド] INFO  o.a.m.s.f.DefaultMavenResourcesFiltering - Copying 0 resource from src\main\resources to target\classes
2025-02-24 00:13:16,118 [Worker-52: ビルド] INFO  o.a.m.s.f.DefaultMavenResourcesFiltering - Copying 1 resource from src\main\resources to target\classes
2025-02-24 00:13:16,122 [Worker-52: ビルド] INFO  o.a.m.s.f.DefaultMavenResourcesFiltering - skip non existing resourceDirectory C:\kadai_003\kadai_003\samuraitravel\src\test\resources
2025-02-24 00:13:28,846 [Worker-56: ビルド] INFO  o.a.m.s.f.DefaultMavenResourcesFiltering - Copying 0 resource from src\main\resources to target\classes
2025-02-24 00:13:28,852 [Worker-56: ビルド] INFO  o.a.m.s.f.DefaultMavenResourcesFiltering - Copying 1 resource from src\main\resources to target\classes
2025-02-24 00:13:28,856 [Worker-56: ビルド] INFO  o.a.m.s.f.DefaultMavenResourcesFiltering - skip non existing resourceDirectory C:\kadai_003\kadai_003\samuraitravel\src\test\resources
2025-02-24 00:17:41,695 [Worker-62: ビルド] INFO  o.a.m.s.f.DefaultMavenResourcesFiltering - Copying 2 resources from src\main\resources to target\classes
2025-02-24 00:17:41,701 [Worker-62: ビルド] INFO  o.a.m.s.f.DefaultMavenResourcesFiltering - Copying 41 resources from src\main\resources to target\classes
2025-02-24 00:17:41,713 [Worker-62: ビルド] INFO  o.a.m.s.f.DefaultMavenResourcesFiltering - skip non existing resourceDirectory C:\kadai_003\kadai_003\samuraitravel\src\test\resources
2025-02-24 00:17:51,681 [Worker-62: ビルド] INFO  o.a.m.s.f.DefaultMavenResourcesFiltering - Copying 2 resources from src\main\resources to target\classes
2025-02-24 00:17:51,690 [Worker-62: ビルド] INFO  o.a.m.s.f.DefaultMavenResourcesFiltering - Copying 41 resources from src\main\resources to target\classes
2025-02-24 00:17:51,704 [Worker-62: ビルド] INFO  o.a.m.s.f.DefaultMavenResourcesFiltering - skip non existing resourceDirectory C:\kadai_003\kadai_003\samuraitravel\src\test\resources
2025-02-24 00:21:12,540 [Worker-52: ビルド] INFO  o.a.m.s.f.DefaultMavenResourcesFiltering - Copying 2 resources from src\main\resources to target\classes
2025-02-24 00:21:12,551 [Worker-52: ビルド] INFO  o.a.m.s.f.DefaultMavenResourcesFiltering - Copying 41 resources from src\main\resources to target\classes
2025-02-24 00:21:12,565 [Worker-52: ビルド] INFO  o.a.m.s.f.DefaultMavenResourcesFiltering - skip non existing resourceDirectory C:\kadai_003\kadai_003\samuraitravel\src\test\resources
2025-02-24 00:24:41,752 [Worker-64: ビルド] INFO  o.a.m.s.f.DefaultMavenResourcesFiltering - Copying 2 resources from src\main\resources to target\classes
2025-02-24 00:24:41,760 [Worker-64: ビルド] INFO  o.a.m.s.f.DefaultMavenResourcesFiltering - Copying 41 resources from src\main\resources to target\classes
2025-02-24 00:24:41,771 [Worker-64: ビルド] INFO  o.a.m.s.f.DefaultMavenResourcesFiltering - skip non existing resourceDirectory C:\kadai_003\kadai_003\samuraitravel\src\test\resources
2025-02-24 00:32:20,991 [Worker-59: ビルド] INFO  o.a.m.s.f.DefaultMavenResourcesFiltering - Copying 2 resources from src\main\resources to target\classes
2025-02-24 00:32:21,003 [Worker-59: ビルド] INFO  o.a.m.s.f.DefaultMavenResourcesFiltering - Copying 41 resources from src\main\resources to target\classes
2025-02-24 00:32:21,016 [Worker-59: ビルド] INFO  o.a.m.s.f.DefaultMavenResourcesFiltering - skip non existing resourceDirectory C:\kadai_003\kadai_003\samuraitravel\src\test\resources
2025-02-24 00:32:45,750 [Worker-59: ビルド] INFO  o.a.m.s.f.DefaultMavenResourcesFiltering - Copying 2 resources from src\main\resources to target\classes
2025-02-24 00:32:45,757 [Worker-59: ビルド] INFO  o.a.m.s.f.DefaultMavenResourcesFiltering - Copying 41 resources from src\main\resources to target\classes
2025-02-24 00:32:45,769 [Worker-59: ビルド] INFO  o.a.m.s.f.DefaultMavenResourcesFiltering - skip non existing resourceDirectory C:\kadai_003\kadai_003\samuraitravel\src\test\resources
2025-02-24 00:34:36,915 [Worker-56: ビルド] INFO  o.a.m.s.f.DefaultMavenResourcesFiltering - Copying 0 resource from src\main\resources to target\classes
2025-02-24 00:34:36,922 [Worker-56: ビルド] INFO  o.a.m.s.f.DefaultMavenResourcesFiltering - Copying 1 resource from src\main\resources to target\classes
2025-02-24 00:34:36,927 [Worker-56: ビルド] INFO  o.a.m.s.f.DefaultMavenResourcesFiltering - skip non existing resourceDirectory C:\kadai_003\kadai_003\samuraitravel\src\test\resources
2025-02-24 00:36:13,320 [Worker-66: ビルド] INFO  o.a.m.s.f.DefaultMavenResourcesFiltering - Copying 0 resource from src\main\resources to target\classes
2025-02-24 00:36:13,327 [Worker-66: ビルド] INFO  o.a.m.s.f.DefaultMavenResourcesFiltering - Copying 1 resource from src\main\resources to target\classes
2025-02-24 00:36:13,331 [Worker-66: ビルド] INFO  o.a.m.s.f.DefaultMavenResourcesFiltering - skip non existing resourceDirectory C:\kadai_003\kadai_003\samuraitravel\src\test\resources
2025-02-24 00:37:28,188 [Worker-66: ビルド] INFO  o.a.m.s.f.DefaultMavenResourcesFiltering - Copying 0 resource from src\main\resources to target\classes
2025-02-24 00:37:28,196 [Worker-66: ビルド] INFO  o.a.m.s.f.DefaultMavenResourcesFiltering - Copying 1 resource from src\main\resources to target\classes
2025-02-24 00:37:28,200 [Worker-66: ビルド] INFO  o.a.m.s.f.DefaultMavenResourcesFiltering - skip non existing resourceDirectory C:\kadai_003\kadai_003\samuraitravel\src\test\resources
2025-02-24 00:40:27,374 [Worker-56: ビルド] INFO  o.a.m.s.f.DefaultMavenResourcesFiltering - Copying 0 resource from src\main\resources to target\classes
2025-02-24 00:40:27,381 [Worker-56: ビルド] INFO  o.a.m.s.f.DefaultMavenResourcesFiltering - Copying 1 resource from src\main\resources to target\classes
2025-02-24 00:40:27,384 [Worker-56: ビルド] INFO  o.a.m.s.f.DefaultMavenResourcesFiltering - skip non existing resourceDirectory C:\kadai_003\kadai_003\samuraitravel\src\test\resources
2025-02-24 00:40:51,520 [Worker-64: ビルド] INFO  o.a.m.s.f.DefaultMavenResourcesFiltering - Copying 0 resource from src\main\resources to target\classes
2025-02-24 00:40:51,526 [Worker-64: ビルド] INFO  o.a.m.s.f.DefaultMavenResourcesFiltering - Copying 1 resource from src\main\resources to target\classes
2025-02-24 00:40:51,530 [Worker-64: ビルド] INFO  o.a.m.s.f.DefaultMavenResourcesFiltering - skip non existing resourceDirectory C:\kadai_003\kadai_003\samuraitravel\src\test\resources
2025-02-24 00:51:37,909 [Worker-66: ビルド] INFO  o.a.m.s.f.DefaultMavenResourcesFiltering - Copying 0 resource from src\main\resources to target\classes
2025-02-24 00:51:37,916 [Worker-66: ビルド] INFO  o.a.m.s.f.DefaultMavenResourcesFiltering - Copying 1 resource from src\main\resources to target\classes
2025-02-24 00:51:37,920 [Worker-66: ビルド] INFO  o.a.m.s.f.DefaultMavenResourcesFiltering - skip non existing resourceDirectory C:\kadai_003\kadai_003\samuraitravel\src\test\resources
2025-02-24 00:51:49,326 [Worker-65: ビルド] INFO  o.a.m.s.f.DefaultMavenResourcesFiltering - Copying 0 resource from src\main\resources to target\classes
2025-02-24 00:51:49,332 [Worker-65: ビルド] INFO  o.a.m.s.f.DefaultMavenResourcesFiltering - Copying 1 resource from src\main\resources to target\classes
2025-02-24 00:51:49,335 [Worker-65: ビルド] INFO  o.a.m.s.f.DefaultMavenResourcesFiltering - skip non existing resourceDirectory C:\kadai_003\kadai_003\samuraitravel\src\test\resources
2025-02-24 00:52:13,877 [Worker-56: ビルド] INFO  o.a.m.s.f.DefaultMavenResourcesFiltering - Copying 0 resource from src\main\resources to target\classes
2025-02-24 00:52:13,884 [Worker-56: ビルド] INFO  o.a.m.s.f.DefaultMavenResourcesFiltering - Copying 1 resource from src\main\resources to target\classes
2025-02-24 00:52:13,886 [Worker-56: ビルド] INFO  o.a.m.s.f.DefaultMavenResourcesFiltering - skip non existing resourceDirectory C:\kadai_003\kadai_003\samuraitravel\src\test\resources
2025-02-24 00:52:25,479 [Worker-67: ビルド] INFO  o.a.m.s.f.DefaultMavenResourcesFiltering - Copying 0 resource from src\main\resources to target\classes
2025-02-24 00:52:25,485 [Worker-67: ビルド] INFO  o.a.m.s.f.DefaultMavenResourcesFiltering - Copying 1 resource from src\main\resources to target\classes
2025-02-24 00:52:25,488 [Worker-67: ビルド] INFO  o.a.m.s.f.DefaultMavenResourcesFiltering - skip non existing resourceDirectory C:\kadai_003\kadai_003\samuraitravel\src\test\resources
2025-02-24 00:54:28,600 [Worker-65: ビルド] INFO  o.a.m.s.f.DefaultMavenResourcesFiltering - Copying 0 resource from src\main\resources to target\classes
2025-02-24 00:54:28,607 [Worker-65: ビルド] INFO  o.a.m.s.f.DefaultMavenResourcesFiltering - Copying 1 resource from src\main\resources to target\classes
2025-02-24 00:54:28,610 [Worker-65: ビルド] INFO  o.a.m.s.f.DefaultMavenResourcesFiltering - skip non existing resourceDirectory C:\kadai_003\kadai_003\samuraitravel\src\test\resources
2025-02-24 00:54:37,583 [Worker-68: ビルド] INFO  o.a.m.s.f.DefaultMavenResourcesFiltering - Copying 0 resource from src\main\resources to target\classes
2025-02-24 00:54:37,590 [Worker-68: ビルド] INFO  o.a.m.s.f.DefaultMavenResourcesFiltering - Copying 1 resource from src\main\resources to target\classes
2025-02-24 00:54:37,592 [Worker-68: ビルド] INFO  o.a.m.s.f.DefaultMavenResourcesFiltering - skip non existing resourceDirectory C:\kadai_003\kadai_003\samuraitravel\src\test\resources
